<?xml version="1.0" encoding="UTF-8"?>
<!-- Generated by org.testng.reporters.JUnitXMLReporter -->
<testsuite hostname="LAPTOP-39TPP2ME" ignored="0" name="Default test" tests="4" failures="0" timestamp="2019-09-10T11:16:10 IST" time="70.673" errors="0">
  <testcase name="Open_Home_Page" time="0.042" classname="tests.AmazonTest"/>
  <testcase name="Loginnn" time="13.741" classname="tests.AmazonTest"/>
  <testcase name="ProductSearch" time="42.891" classname="tests.AmazonTest"/>
  <testcase name="Logout" time="1.992" classname="tests.AmazonTest"/>
</testsuite> <!-- Default test -->
