<?xml version="1.0" encoding="UTF-8"?>
<!-- Generated by org.testng.reporters.JUnitXMLReporter -->
<testsuite hostname="LAPTOP-39TPP2ME" ignored="0" name="AmazonTestUsingPageFactory" tests="4" failures="0" timestamp="2019-09-16T05:20:33 IST" time="84.595" errors="0">
  <testcase name="Open_Home_Page" time="0.055" classname="tests.AmazonTest"/>
  <testcase name="Loginnn" time="32.199" classname="tests.AmazonTest"/>
  <testcase name="ProductSearch" time="39.203" classname="tests.AmazonTest"/>
  <testcase name="Logout" time="1.164" classname="tests.AmazonTest"/>
</testsuite> <!-- AmazonTestUsingPageFactory -->
