<?xml version="1.0" encoding="UTF-8"?>
<testng-results skipped="0" failed="0" ignored="0" total="4" passed="4">
  <reporter-output>
  </reporter-output>
  <suite name="AmazonTestSuite" duration-ms="84595" started-at="2019-09-16T05:19:08 IST" finished-at="2019-09-16T05:20:33 IST">
    <groups>
    </groups>
    <test name="AmazonTestUsingPageFactory" duration-ms="84595" started-at="2019-09-16T05:19:08 IST" finished-at="2019-09-16T05:20:33 IST">
      <class name="tests.AmazonTest">
        <test-method status="PASS" signature="setup(java.lang.String, java.lang.String)[pri:0, instance:tests.AmazonTest@7494e528]" name="setup" is-config="true" duration-ms="11216" started-at="2019-09-16T05:19:08 IST" finished-at="2019-09-16T05:19:20 IST">
          <params>
            <param index="0">
              <value>
                <![CDATA[chrome]]>
              </value>
            </param>
            <param index="1">
              <value>
                <![CDATA[windows 10]]>
              </value>
            </param>
          </params>
          <reporter-output>
          </reporter-output>
        </test-method> <!-- setup -->
        <test-method status="PASS" signature="Open_Home_Page()[pri:0, instance:tests.AmazonTest@7494e528]" name="Open_Home_Page" duration-ms="55" started-at="2019-09-16T05:19:20 IST" finished-at="2019-09-16T05:19:20 IST">
          <reporter-output>
          </reporter-output>
        </test-method> <!-- Open_Home_Page -->
        <test-method status="PASS" signature="Loginnn()[pri:1, instance:tests.AmazonTest@7494e528]" name="Loginnn" duration-ms="32199" started-at="2019-09-16T05:19:20 IST" finished-at="2019-09-16T05:19:52 IST">
          <reporter-output>
          </reporter-output>
        </test-method> <!-- Loginnn -->
        <test-method status="PASS" signature="ProductSearch()[pri:2, instance:tests.AmazonTest@7494e528]" name="ProductSearch" duration-ms="39203" started-at="2019-09-16T05:19:52 IST" finished-at="2019-09-16T05:20:31 IST">
          <reporter-output>
          </reporter-output>
        </test-method> <!-- ProductSearch -->
        <test-method status="PASS" signature="Logout()[pri:3, instance:tests.AmazonTest@7494e528]" name="Logout" duration-ms="1164" started-at="2019-09-16T05:20:31 IST" finished-at="2019-09-16T05:20:32 IST">
          <reporter-output>
          </reporter-output>
        </test-method> <!-- Logout -->
        <test-method status="PASS" signature="afterClass()[pri:0, instance:tests.AmazonTest@7494e528]" name="afterClass" is-config="true" duration-ms="725" started-at="2019-09-16T05:20:32 IST" finished-at="2019-09-16T05:20:33 IST">
          <reporter-output>
          </reporter-output>
        </test-method> <!-- afterClass -->
      </class> <!-- tests.AmazonTest -->
    </test> <!-- AmazonTestUsingPageFactory -->
  </suite> <!-- AmazonTestSuite -->
</testng-results>
